Build started 6/11/2020 3:19:51 PM.
     1>Project "c:\Users\Alexandr\documents\visual studio 2013\Projects\LIBHARUSE\LIBHARUSE\LIBHARUSE.vcxproj" on node 2 (Build target(s)).
     1>ClCompile:
         C:\Program Files (x86)\Microsoft Visual Studio 12.0\VC\bin\x86_amd64\CL.exe /c /Zi /nologo /W3 /WX- /sdl /Od /D WIN32 /D _DEBUG /D _CONSOLE /D _LIB /D _UNICODE /D UNICODE /Gm /EHsc /RTC1 /MDd /GS /fp:precise /Zc:wchar_t /Zc:forScope /Yu"stdafx.h" /Fp"x64\Debug\LIBHARUSE.pch" /Fo"x64\Debug\\" /Fd"x64\Debug\vc120.pdb" /Gd /TP /errorReport:prompt LIBHARUSE.cpp
         LIBHARUSE.cpp
     1>LIBHARUSE.cpp(22): warning C4244: 'initializing' : conversion from 'HPDF_UINT' to 'HPDF_REAL', possible loss of data
     1>LIBHARUSE.cpp(23): warning C4244: 'initializing' : conversion from 'HPDF_UINT' to 'HPDF_REAL', possible loss of data
       Link:
         C:\Program Files (x86)\Microsoft Visual Studio 12.0\VC\bin\x86_amd64\link.exe /ERRORREPORT:PROMPT /OUT:"c:\users\alexandr\documents\visual studio 2013\Projects\LIBHARUSE\x64\Debug\LIBHARUSE.exe" /INCREMENTAL /NOLOGO libhpdfd.lib libhpdfsd.lib kernel32.lib user32.lib gdi32.lib winspool.lib comdlg32.lib advapi32.lib shell32.lib ole32.lib oleaut32.lib uuid.lib odbc32.lib odbccp32.lib /MANIFEST /MANIFESTUAC:"level='asInvoker' uiAccess='false'" /manifest:embed /DEBUG /PDB:"c:\users\alexandr\documents\visual studio 2013\Projects\LIBHARUSE\x64\Debug\LIBHARUSE.pdb" /SUBSYSTEM:CONSOLE /TLBID:1 /DYNAMICBASE /NXCOMPAT /IMPLIB:"c:\users\alexandr\documents\visual studio 2013\Projects\LIBHARUSE\x64\Debug\LIBHARUSE.lib" /MACHINE:X64 x64\Debug\LIBHARUSE.obj
         x64\Debug\stdafx.obj
     1>LIBHARUSE.obj : error LNK2019: unresolved external symbol HPDF_New referenced in function wmain
     1>LIBHARUSE.obj : error LNK2019: unresolved external symbol HPDF_SaveToFile referenced in function wmain
     1>LIBHARUSE.obj : error LNK2019: unresolved external symbol HPDF_AddPage referenced in function wmain
     1>LIBHARUSE.obj : error LNK2019: unresolved external symbol HPDF_LoadPngImageFromFile referenced in function wmain
     1>LIBHARUSE.obj : error LNK2019: unresolved external symbol HPDF_Image_GetWidth referenced in function wmain
     1>LIBHARUSE.obj : error LNK2019: unresolved external symbol HPDF_Image_GetHeight referenced in function wmain
     1>LIBHARUSE.obj : error LNK2019: unresolved external symbol HPDF_Page_DrawImage referenced in function wmain
     1>c:\users\alexandr\documents\visual studio 2013\Projects\LIBHARUSE\x64\Debug\LIBHARUSE.exe : fatal error LNK1120: 7 unresolved externals
     1>Done Building Project "c:\Users\Alexandr\documents\visual studio 2013\Projects\LIBHARUSE\LIBHARUSE\LIBHARUSE.vcxproj" (Build target(s)) -- FAILED.

Build FAILED.

Time Elapsed 00:00:00.44
